{"numFailedTestSuites":2,"numFailedTests":3,"numPassedTestSuites":0,"numPassedTests":55,"numPendingTestSuites":0,"numPendingTests":0,"numRuntimeErrorTestSuites":0,"numTodoTests":0,"numTotalTestSuites":2,"numTotalTests":58,"openHandles":[],"snapshot":{"added":0,"didUpdate":false,"failure":false,"filesAdded":0,"filesRemoved":0,"filesRemovedList":[],"filesUnmatched":0,"filesUpdated":0,"matched":0,"total":0,"unchecked":0,"uncheckedKeysByFile":[],"unmatched":0,"updated":0},"startTime":1770806029430,"success":false,"testResults":[{"assertionResults":[{"ancestorTitles":["CircuitBreaker","initial state"],"duration":10,"failing":false,"failureDetails":[],"failureMessages":[],"fullName":"CircuitBreaker initial state should start in CLOSED state","invocations":1,"location":null,"numPassingAsserts":1,"retryReasons":[],"startAt":1770806029824,"status":"passed","title":"should start in CLOSED state"},{"ancestorTitles":["CircuitBreaker","initial state"],"duration":5,"failing":false,"failureDetails":[],"failureMessages":[],"fullName":"CircuitBreaker initial state should have zero initial statistics","invocations":1,"location":null,"numPassingAsserts":4,"retryReasons":[],"startAt":1770806029835,"status":"passed","title":"should have zero initial statistics"},{"ancestorTitles":["CircuitBreaker","successful execution"],"duration":2,"failing":false,"failureDetails":[],"failureMessages":[],"fullName":"CircuitBreaker successful execution should execute function successfully in CLOSED state","invocations":1,"location":null,"numPassingAsserts":3,"retryReasons":[],"startAt":1770806029840,"status":"passed","title":"should execute function successfully in CLOSED state"},{"ancestorTitles":["CircuitBreaker","successful execution"],"duration":1,"failing":false,"failureDetails":[],"failureMessages":[],"fullName":"CircuitBreaker successful execution should update statistics on success","invocations":1,"location":null,"numPassingAsserts":4,"retryReasons":[],"startAt":1770806029842,"status":"passed","title":"should update statistics on success"},{"ancestorTitles":["CircuitBreaker","successful execution"],"duration":2,"failing":false,"failureDetails":[],"failureMessages":[],"fullName":"CircuitBreaker successful execution should reset consecutive failures on success","invocations":1,"location":null,"numPassingAsserts":3,"retryReasons":[],"startAt":1770806029843,"status":"passed","title":"should reset consecutive failures on success"},{"ancestorTitles":["CircuitBreaker","failure handling"],"duration":6,"failing":false,"failureDetails":[],"failureMessages":[],"fullName":"CircuitBreaker failure handling should propagate errors in CLOSED state","invocations":1,"location":null,"numPassingAsserts":2,"retryReasons":[],"startAt":1770806029845,"status":"passed","title":"should propagate errors in CLOSED state"},{"ancestorTitles":["CircuitBreaker","failure handling"],"duration":2,"failing":false,"failureDetails":[],"failureMessages":[],"fullName":"CircuitBreaker failure handling should open circuit after threshold failures","invocations":1,"location":null,"numPassingAsserts":2,"retryReasons":[],"startAt":1770806029851,"status":"passed","title":"should open circuit after threshold failures"},{"ancestorTitles":["CircuitBreaker","failure handling"],"duration":3,"failing":false,"failureDetails":[{"matcherResult":{"actual":"open","expected":"closed","message":"expect(received).toBe(expected) // Object.is equality\n\nExpected: \"closed\"\nReceived: \"open\"","name":"toBe","pass":false}}],"failureMessages":["Error: expect(received).toBe(expected) // Object.is equality\n\nExpected: \"closed\"\nReceived: \"open\"\n    at Object.<anonymous> (/home/beano/Dev/nextjs/moshimoshi/src/lib/notifications/__tests__/CircuitBreaker.test.ts:127:40)"],"fullName":"CircuitBreaker failure handling should track failures within time window","invocations":1,"location":null,"numPassingAsserts":0,"retryReasons":[],"startAt":1770806029854,"status":"failed","title":"should track failures within time window"},{"ancestorTitles":["CircuitBreaker","failure handling"],"duration":2,"failing":false,"failureDetails":[],"failureMessages":[],"fullName":"CircuitBreaker failure handling should use custom isFailure function","invocations":1,"location":null,"numPassingAsserts":2,"retryReasons":[],"startAt":1770806029857,"status":"passed","title":"should use custom isFailure function"},{"ancestorTitles":["CircuitBreaker","OPEN state"],"duration":5,"failing":false,"failureDetails":[],"failureMessages":[],"fullName":"CircuitBreaker OPEN state should reject requests immediately when OPEN","invocations":1,"location":null,"numPassingAsserts":2,"retryReasons":[],"startAt":1770806029859,"status":"passed","title":"should reject requests immediately when OPEN"},{"ancestorTitles":["CircuitBreaker","OPEN state"],"duration":2,"failing":false,"failureDetails":[],"failureMessages":[],"fullName":"CircuitBreaker OPEN state should use fallback when available","invocations":1,"location":null,"numPassingAsserts":1,"retryReasons":[],"startAt":1770806029864,"status":"passed","title":"should use fallback when available"},{"ancestorTitles":["CircuitBreaker","OPEN state"],"duration":2,"failing":false,"failureDetails":[],"failureMessages":[],"fullName":"CircuitBreaker OPEN state should transition to HALF_OPEN after reset timeout","invocations":1,"location":null,"numPassingAsserts":2,"retryReasons":[],"startAt":1770806029867,"status":"passed","title":"should transition to HALF_OPEN after reset timeout"},{"ancestorTitles":["CircuitBreaker","HALF_OPEN state"],"duration":2,"failing":false,"failureDetails":[],"failureMessages":[],"fullName":"CircuitBreaker HALF_OPEN state should allow test requests in HALF_OPEN state","invocations":1,"location":null,"numPassingAsserts":3,"retryReasons":[],"startAt":1770806029869,"status":"passed","title":"should allow test requests in HALF_OPEN state"},{"ancestorTitles":["CircuitBreaker","HALF_OPEN state"],"duration":2,"failing":false,"failureDetails":[],"failureMessages":[],"fullName":"CircuitBreaker HALF_OPEN state should close circuit after successful test requests","invocations":1,"location":null,"numPassingAsserts":1,"retryReasons":[],"startAt":1770806029872,"status":"passed","title":"should close circuit after successful test requests"},{"ancestorTitles":["CircuitBreaker","HALF_OPEN state"],"duration":3,"failing":false,"failureDetails":[],"failureMessages":[],"fullName":"CircuitBreaker HALF_OPEN state should reopen circuit on test failure","invocations":1,"location":null,"numPassingAsserts":2,"retryReasons":[],"startAt":1770806029874,"status":"passed","title":"should reopen circuit on test failure"},{"ancestorTitles":["CircuitBreaker","HALF_OPEN state"],"duration":3,"failing":false,"failureDetails":[],"failureMessages":[],"fullName":"CircuitBreaker HALF_OPEN state should respect success threshold","invocations":1,"location":null,"numPassingAsserts":1,"retryReasons":[],"startAt":1770806029877,"status":"passed","title":"should respect success threshold"},{"ancestorTitles":["CircuitBreaker","timeout handling"],"duration":1,"failing":false,"failureDetails":[],"failureMessages":[],"fullName":"CircuitBreaker timeout handling should timeout long-running requests","invocations":1,"location":null,"numPassingAsserts":1,"retryReasons":[],"startAt":1770806029880,"status":"passed","title":"should timeout long-running requests"},{"ancestorTitles":["CircuitBreaker","timeout handling"],"duration":2,"failing":false,"failureDetails":[],"failureMessages":[],"fullName":"CircuitBreaker timeout handling should count timeouts as failures","invocations":1,"location":null,"numPassingAsserts":1,"retryReasons":[],"startAt":1770806029881,"status":"passed","title":"should count timeouts as failures"},{"ancestorTitles":["CircuitBreaker","event emission"],"duration":1,"failing":false,"failureDetails":[],"failureMessages":[],"fullName":"CircuitBreaker event emission should emit success events","invocations":1,"location":null,"numPassingAsserts":1,"retryReasons":[],"startAt":1770806029884,"status":"passed","title":"should emit success events"},{"ancestorTitles":["CircuitBreaker","event emission"],"duration":1,"failing":false,"failureDetails":[],"failureMessages":[],"fullName":"CircuitBreaker event emission should emit failure events","invocations":1,"location":null,"numPassingAsserts":1,"retryReasons":[],"startAt":1770806029885,"status":"passed","title":"should emit failure events"},{"ancestorTitles":["CircuitBreaker","event emission"],"duration":2,"failing":false,"failureDetails":[],"failureMessages":[],"fullName":"CircuitBreaker event emission should emit state change events","invocations":1,"location":null,"numPassingAsserts":1,"retryReasons":[],"startAt":1770806029886,"status":"passed","title":"should emit state change events"},{"ancestorTitles":["CircuitBreaker","event emission"],"duration":2,"failing":false,"failureDetails":[],"failureMessages":[],"fullName":"CircuitBreaker event emission should call monitor function if provided","invocations":1,"location":null,"numPassingAsserts":1,"retryReasons":[],"startAt":1770806029888,"status":"passed","title":"should call monitor function if provided"},{"ancestorTitles":["CircuitBreaker","manual controls"],"duration":1,"failing":false,"failureDetails":[],"failureMessages":[],"fullName":"CircuitBreaker manual controls should allow forcing circuit open","invocations":1,"location":null,"numPassingAsserts":1,"retryReasons":[],"startAt":1770806029890,"status":"passed","title":"should allow forcing circuit open"},{"ancestorTitles":["CircuitBreaker","manual controls"],"duration":2,"failing":false,"failureDetails":[],"failureMessages":[],"fullName":"CircuitBreaker manual controls should allow forcing circuit closed","invocations":1,"location":null,"numPassingAsserts":3,"retryReasons":[],"startAt":1770806029891,"status":"passed","title":"should allow forcing circuit closed"},{"ancestorTitles":["CircuitBreaker","manual controls"],"duration":1,"failing":false,"failureDetails":[],"failureMessages":[],"fullName":"CircuitBreaker manual controls should reset all statistics","invocations":1,"location":null,"numPassingAsserts":4,"retryReasons":[],"startAt":1770806029893,"status":"passed","title":"should reset all statistics"},{"ancestorTitles":["CircuitBreaker","CircuitBreakerFactory"],"duration":1,"failing":false,"failureDetails":[],"failureMessages":[],"fullName":"CircuitBreaker CircuitBreakerFactory should create and cache breakers","invocations":1,"location":null,"numPassingAsserts":1,"retryReasons":[],"startAt":1770806029895,"status":"passed","title":"should create and cache breakers"},{"ancestorTitles":["CircuitBreaker","CircuitBreakerFactory"],"duration":3,"failing":false,"failureDetails":[],"failureMessages":[],"fullName":"CircuitBreaker CircuitBreakerFactory should remove specific breaker","invocations":1,"location":null,"numPassingAsserts":2,"retryReasons":[],"startAt":1770806029896,"status":"passed","title":"should remove specific breaker"},{"ancestorTitles":["CircuitBreaker","CircuitBreakerFactory"],"duration":2,"failing":false,"failureDetails":[],"failureMessages":[],"fullName":"CircuitBreaker CircuitBreakerFactory should get all breakers","invocations":1,"location":null,"numPassingAsserts":4,"retryReasons":[],"startAt":1770806029899,"status":"passed","title":"should get all breakers"},{"ancestorTitles":["CircuitBreaker","CircuitBreakerFactory"],"duration":3,"failing":false,"failureDetails":[],"failureMessages":[],"fullName":"CircuitBreaker CircuitBreakerFactory should reset all breakers","invocations":1,"location":null,"numPassingAsserts":2,"retryReasons":[],"startAt":1770806029902,"status":"passed","title":"should reset all breakers"},{"ancestorTitles":["CircuitBreaker","CircuitBreakerFactory"],"duration":8,"failing":false,"failureDetails":[],"failureMessages":[],"fullName":"CircuitBreaker CircuitBreakerFactory should destroy all breakers","invocations":1,"location":null,"numPassingAsserts":3,"retryReasons":[],"startAt":1770806029905,"status":"passed","title":"should destroy all breakers"}],"endTime":1770806029918,"message":"  ● CircuitBreaker › failure handling › should track failures within time window\n\n    expect(received).toBe(expected) // Object.is equality\n\n    Expected: \"closed\"\n    Received: \"open\"\n\n      125 |       try { await windowBreaker.execute(failFn) } catch {}\n      126 |\n    > 127 |       expect(windowBreaker.getState()).toBe(CircuitState.CLOSED)\n          |                                        ^\n      128 |\n      129 |       windowBreaker.destroy()\n      130 |     })\n\n      at Object.<anonymous> (src/lib/notifications/__tests__/CircuitBreaker.test.ts:127:40)\n","name":"/home/beano/Dev/nextjs/moshimoshi/src/lib/notifications/__tests__/CircuitBreaker.test.ts","startTime":1770806029540,"status":"failed","summary":""},{"assertionResults":[{"ancestorTitles":["TimerManager","setTimeout"],"duration":4,"failing":false,"failureDetails":[],"failureMessages":[],"fullName":"TimerManager setTimeout should execute callback after specified delay","invocations":1,"location":null,"numPassingAsserts":2,"retryReasons":[],"startAt":1770806030036,"status":"passed","title":"should execute callback after specified delay"},{"ancestorTitles":["TimerManager","setTimeout"],"duration":1,"failing":false,"failureDetails":[],"failureMessages":[],"fullName":"TimerManager setTimeout should return unique timer ID","invocations":1,"location":null,"numPassingAsserts":1,"retryReasons":[],"startAt":1770806030041,"status":"passed","title":"should return unique timer ID"},{"ancestorTitles":["TimerManager","setTimeout"],"duration":1,"failing":false,"failureDetails":[],"failureMessages":[],"fullName":"TimerManager setTimeout should track active timers","invocations":1,"location":null,"numPassingAsserts":2,"retryReasons":[],"startAt":1770806030042,"status":"passed","title":"should track active timers"},{"ancestorTitles":["TimerManager","setTimeout"],"duration":1,"failing":false,"failureDetails":[],"failureMessages":[],"fullName":"TimerManager setTimeout should remove timer after execution","invocations":1,"location":null,"numPassingAsserts":2,"retryReasons":[],"startAt":1770806030043,"status":"passed","title":"should remove timer after execution"},{"ancestorTitles":["TimerManager","setTimeout"],"duration":1,"failing":false,"failureDetails":[],"failureMessages":[],"fullName":"TimerManager setTimeout should handle errors in callback","invocations":1,"location":null,"numPassingAsserts":2,"retryReasons":[],"startAt":1770806030044,"status":"passed","title":"should handle errors in callback"},{"ancestorTitles":["TimerManager","setTimeout"],"duration":0,"failing":false,"failureDetails":[],"failureMessages":[],"fullName":"TimerManager setTimeout should respect custom timer ID","invocations":1,"location":null,"numPassingAsserts":2,"retryReasons":[],"startAt":1770806030046,"status":"passed","title":"should respect custom timer ID"},{"ancestorTitles":["TimerManager","setTimeout"],"duration":2,"failing":false,"failureDetails":[],"failureMessages":[],"fullName":"TimerManager setTimeout should cancel existing timer with same ID","invocations":1,"location":null,"numPassingAsserts":2,"retryReasons":[],"startAt":1770806030046,"status":"passed","title":"should cancel existing timer with same ID"},{"ancestorTitles":["TimerManager","setTimeout"],"duration":7,"failing":false,"failureDetails":[],"failureMessages":[],"fullName":"TimerManager setTimeout should enforce maximum timer limit","invocations":1,"location":null,"numPassingAsserts":1,"retryReasons":[],"startAt":1770806030048,"status":"passed","title":"should enforce maximum timer limit"},{"ancestorTitles":["TimerManager","setInterval"],"duration":1,"failing":false,"failureDetails":[],"failureMessages":[],"fullName":"TimerManager setInterval should execute callback repeatedly","invocations":1,"location":null,"numPassingAsserts":1,"retryReasons":[],"startAt":1770806030055,"status":"passed","title":"should execute callback repeatedly"},{"ancestorTitles":["TimerManager","setInterval"],"duration":1,"failing":false,"failureDetails":[],"failureMessages":[],"fullName":"TimerManager setInterval should track execution count in metadata","invocations":1,"location":null,"numPassingAsserts":1,"retryReasons":[],"startAt":1770806030056,"status":"passed","title":"should track execution count in metadata"},{"ancestorTitles":["TimerManager","setInterval"],"duration":1,"failing":false,"failureDetails":[],"failureMessages":[],"fullName":"TimerManager setInterval should handle errors without stopping interval","invocations":1,"location":null,"numPassingAsserts":1,"retryReasons":[],"startAt":1770806030057,"status":"passed","title":"should handle errors without stopping interval"},{"ancestorTitles":["TimerManager","clearTimer"],"duration":1,"failing":false,"failureDetails":[],"failureMessages":[],"fullName":"TimerManager clearTimer should cancel timeout","invocations":1,"location":null,"numPassingAsserts":2,"retryReasons":[],"startAt":1770806030058,"status":"passed","title":"should cancel timeout"},{"ancestorTitles":["TimerManager","clearTimer"],"duration":1,"failing":false,"failureDetails":[],"failureMessages":[],"fullName":"TimerManager clearTimer should cancel interval","invocations":1,"location":null,"numPassingAsserts":2,"retryReasons":[],"startAt":1770806030059,"status":"passed","title":"should cancel interval"},{"ancestorTitles":["TimerManager","clearTimer"],"duration":1,"failing":false,"failureDetails":[],"failureMessages":[],"fullName":"TimerManager clearTimer should return false for non-existent timer","invocations":1,"location":null,"numPassingAsserts":1,"retryReasons":[],"startAt":1770806030060,"status":"passed","title":"should return false for non-existent timer"},{"ancestorTitles":["TimerManager","clearTimer"],"duration":1,"failing":false,"failureDetails":[],"failureMessages":[],"fullName":"TimerManager clearTimer should update statistics","invocations":1,"location":null,"numPassingAsserts":1,"retryReasons":[],"startAt":1770806030061,"status":"passed","title":"should update statistics"},{"ancestorTitles":["TimerManager","clearAll"],"duration":1,"failing":false,"failureDetails":[],"failureMessages":[],"fullName":"TimerManager clearAll should clear all active timers","invocations":1,"location":null,"numPassingAsserts":5,"retryReasons":[],"startAt":1770806030062,"status":"passed","title":"should clear all active timers"},{"ancestorTitles":["TimerManager","clearByMetadata"],"duration":2,"failing":false,"failureDetails":[],"failureMessages":[],"fullName":"TimerManager clearByMetadata should clear timers matching metadata filter","invocations":1,"location":null,"numPassingAsserts":3,"retryReasons":[],"startAt":1770806030063,"status":"passed","title":"should clear timers matching metadata filter"},{"ancestorTitles":["TimerManager","reschedule"],"duration":1,"failing":false,"failureDetails":[],"failureMessages":[],"fullName":"TimerManager reschedule should reschedule existing timeout","invocations":1,"location":null,"numPassingAsserts":2,"retryReasons":[],"startAt":1770806030065,"status":"passed","title":"should reschedule existing timeout"},{"ancestorTitles":["TimerManager","reschedule"],"duration":0,"failing":false,"failureDetails":[],"failureMessages":[],"fullName":"TimerManager reschedule should return false for non-timeout timer","invocations":1,"location":null,"numPassingAsserts":1,"retryReasons":[],"startAt":1770806030066,"status":"passed","title":"should return false for non-timeout timer"},{"ancestorTitles":["TimerManager","pauseAll and resumeAll"],"duration":1,"failing":false,"failureDetails":[{"matcherResult":{"actual":0,"expected":2,"message":"expect(received).toBe(expected) // Object.is equality\n\nExpected: 2\nReceived: 0","name":"toBe","pass":false}}],"failureMessages":["Error: expect(received).toBe(expected) // Object.is equality\n\nExpected: 2\nReceived: 0\n    at Object.<anonymous> (/home/beano/Dev/nextjs/moshimoshi/src/lib/notifications/__tests__/TimerManager.test.ts:248:40)\n    at Promise.finally.completed (/home/beano/Dev/nextjs/moshimoshi/node_modules/jest-circus/build/jestAdapterInit.js:1557:28)\n    at new Promise (<anonymous>)\n    at callAsyncCircusFn (/home/beano/Dev/nextjs/moshimoshi/node_modules/jest-circus/build/jestAdapterInit.js:1497:10)\n    at _callCircusTest (/home/beano/Dev/nextjs/moshimoshi/node_modules/jest-circus/build/jestAdapterInit.js:1007:40)\n    at _runTest (/home/beano/Dev/nextjs/moshimoshi/node_modules/jest-circus/build/jestAdapterInit.js:947:3)\n    at /home/beano/Dev/nextjs/moshimoshi/node_modules/jest-circus/build/jestAdapterInit.js:849:7\n    at _runTestsForDescribeBlock (/home/beano/Dev/nextjs/moshimoshi/node_modules/jest-circus/build/jestAdapterInit.js:862:11)\n    at _runTestsForDescribeBlock (/home/beano/Dev/nextjs/moshimoshi/node_modules/jest-circus/build/jestAdapterInit.js:857:11)\n    at _runTestsForDescribeBlock (/home/beano/Dev/nextjs/moshimoshi/node_modules/jest-circus/build/jestAdapterInit.js:857:11)\n    at run (/home/beano/Dev/nextjs/moshimoshi/node_modules/jest-circus/build/jestAdapterInit.js:761:3)\n    at runAndTransformResultsToJestFormat (/home/beano/Dev/nextjs/moshimoshi/node_modules/jest-circus/build/jestAdapterInit.js:1918:21)\n    at jestAdapter (/home/beano/Dev/nextjs/moshimoshi/node_modules/jest-circus/build/runner.js:101:19)\n    at runTestInternal (/home/beano/Dev/nextjs/moshimoshi/node_modules/jest-runner/build/index.js:275:16)\n    at runTest (/home/beano/Dev/nextjs/moshimoshi/node_modules/jest-runner/build/index.js:343:7)"],"fullName":"TimerManager pauseAll and resumeAll should pause and resume all timers","invocations":1,"location":null,"numPassingAsserts":4,"retryReasons":[],"startAt":1770806030067,"status":"failed","title":"should pause and resume all timers"},{"ancestorTitles":["TimerManager","memory management"],"duration":1,"failing":false,"failureDetails":[],"failureMessages":[],"fullName":"TimerManager memory management should update memory usage estimates","invocations":1,"location":null,"numPassingAsserts":1,"retryReasons":[],"startAt":1770806030068,"status":"passed","title":"should update memory usage estimates"},{"ancestorTitles":["TimerManager","memory management"],"duration":1,"failing":false,"failureDetails":[],"failureMessages":[],"fullName":"TimerManager memory management should clean up expired timeouts automatically","invocations":1,"location":null,"numPassingAsserts":1,"retryReasons":[],"startAt":1770806030069,"status":"passed","title":"should clean up expired timeouts automatically"},{"ancestorTitles":["TimerManager","destroy"],"duration":1,"failing":false,"failureDetails":[],"failureMessages":[],"fullName":"TimerManager destroy should clear all timers on destroy","invocations":1,"location":null,"numPassingAsserts":1,"retryReasons":[],"startAt":1770806030070,"status":"passed","title":"should clear all timers on destroy"},{"ancestorTitles":["TimerManager","destroy"],"duration":1,"failing":false,"failureDetails":[],"failureMessages":[],"fullName":"TimerManager destroy should prevent new timers after destroy","invocations":1,"location":null,"numPassingAsserts":1,"retryReasons":[],"startAt":1770806030071,"status":"passed","title":"should prevent new timers after destroy"},{"ancestorTitles":["TimerManager","global instances"],"duration":7,"failing":false,"failureDetails":[],"failureMessages":[],"fullName":"TimerManager global instances should return same instance for same name","invocations":1,"location":null,"numPassingAsserts":1,"retryReasons":[],"startAt":1770806030072,"status":"passed","title":"should return same instance for same name"},{"ancestorTitles":["TimerManager","global instances"],"duration":2,"failing":false,"failureDetails":[],"failureMessages":[],"fullName":"TimerManager global instances should return different instances for different names","invocations":1,"location":null,"numPassingAsserts":1,"retryReasons":[],"startAt":1770806030079,"status":"passed","title":"should return different instances for different names"},{"ancestorTitles":["TimerManager","global instances"],"duration":1,"failing":false,"failureDetails":[],"failureMessages":[],"fullName":"TimerManager global instances should destroy specific manager","invocations":1,"location":null,"numPassingAsserts":1,"retryReasons":[],"startAt":1770806030081,"status":"passed","title":"should destroy specific manager"},{"ancestorTitles":["TimerManager","statistics"],"duration":2,"failing":false,"failureDetails":[{"matcherResult":{"actual":4,"expected":3,"message":"expect(received).toBe(expected) // Object.is equality\n\nExpected: 3\nReceived: 4","name":"toBe","pass":false}}],"failureMessages":["Error: expect(received).toBe(expected) // Object.is equality\n\nExpected: 3\nReceived: 4\n    at Object.<anonymous> (/home/beano/Dev/nextjs/moshimoshi/src/lib/notifications/__tests__/TimerManager.test.ts:342:32)\n    at Promise.finally.completed (/home/beano/Dev/nextjs/moshimoshi/node_modules/jest-circus/build/jestAdapterInit.js:1557:28)\n    at new Promise (<anonymous>)\n    at callAsyncCircusFn (/home/beano/Dev/nextjs/moshimoshi/node_modules/jest-circus/build/jestAdapterInit.js:1497:10)\n    at _callCircusTest (/home/beano/Dev/nextjs/moshimoshi/node_modules/jest-circus/build/jestAdapterInit.js:1007:40)\n    at _runTest (/home/beano/Dev/nextjs/moshimoshi/node_modules/jest-circus/build/jestAdapterInit.js:947:3)\n    at /home/beano/Dev/nextjs/moshimoshi/node_modules/jest-circus/build/jestAdapterInit.js:849:7\n    at _runTestsForDescribeBlock (/home/beano/Dev/nextjs/moshimoshi/node_modules/jest-circus/build/jestAdapterInit.js:862:11)\n    at _runTestsForDescribeBlock (/home/beano/Dev/nextjs/moshimoshi/node_modules/jest-circus/build/jestAdapterInit.js:857:11)\n    at _runTestsForDescribeBlock (/home/beano/Dev/nextjs/moshimoshi/node_modules/jest-circus/build/jestAdapterInit.js:857:11)\n    at run (/home/beano/Dev/nextjs/moshimoshi/node_modules/jest-circus/build/jestAdapterInit.js:761:3)\n    at runAndTransformResultsToJestFormat (/home/beano/Dev/nextjs/moshimoshi/node_modules/jest-circus/build/jestAdapterInit.js:1918:21)\n    at jestAdapter (/home/beano/Dev/nextjs/moshimoshi/node_modules/jest-circus/build/runner.js:101:19)\n    at runTestInternal (/home/beano/Dev/nextjs/moshimoshi/node_modules/jest-runner/build/index.js:275:16)\n    at runTest (/home/beano/Dev/nextjs/moshimoshi/node_modules/jest-runner/build/index.js:343:7)"],"fullName":"TimerManager statistics should track timer statistics accurately","invocations":1,"location":null,"numPassingAsserts":3,"retryReasons":[],"startAt":1770806030082,"status":"failed","title":"should track timer statistics accurately"}],"endTime":1770806030085,"message":"  ● TimerManager › pauseAll and resumeAll › should pause and resume all timers\n\n    expect(received).toBe(expected) // Object.is equality\n\n    Expected: 2\n    Received: 0\n\n      246 |       // Resume timers\n      247 |       manager.resumeAll(paused)\n    > 248 |       expect(manager.getActiveCount()).toBe(2)\n          |                                        ^\n      249 |\n      250 |       // Now callbacks should fire at adjusted times\n      251 |       jest.advanceTimersByTime(1000)\n\n      at Object.<anonymous> (src/lib/notifications/__tests__/TimerManager.test.ts:248:40)\n\n  ● TimerManager › statistics › should track timer statistics accurately\n\n    expect(received).toBe(expected) // Object.is equality\n\n    Expected: 3\n    Received: 4\n\n      340 |       expect(stats.totalCreated).toBe(4)\n      341 |       expect(stats.totalCleared).toBe(1)\n    > 342 |       expect(stats.totalFired).toBe(3) // 2 timeouts + 1 interval execution\n          |                                ^\n      343 |     })\n      344 |   })\n      345 | })\n\n      at Object.<anonymous> (src/lib/notifications/__tests__/TimerManager.test.ts:342:32)\n","name":"/home/beano/Dev/nextjs/moshimoshi/src/lib/notifications/__tests__/TimerManager.test.ts","startTime":1770806029975,"status":"failed","summary":""}],"wasInterrupted":false}
