{"numFailedTestSuites":1,"numFailedTests":14,"numPassedTestSuites":0,"numPassedTests":3,"numPendingTestSuites":0,"numPendingTests":0,"numRuntimeErrorTestSuites":0,"numTodoTests":0,"numTotalTestSuites":1,"numTotalTests":17,"openHandles":[],"snapshot":{"added":0,"didUpdate":false,"failure":false,"filesAdded":0,"filesRemoved":0,"filesRemovedList":[],"filesUnmatched":0,"filesUpdated":0,"matched":0,"total":0,"unchecked":0,"uncheckedKeysByFile":[],"unmatched":0,"updated":0},"startTime":1770806029457,"success":false,"testResults":[{"assertionResults":[{"ancestorTitles":["useNotificationIntegration","Initialization"],"duration":17,"failing":false,"failureDetails":[{"matcherResult":{"actual":null,"expected":{"channels":{"browser":true,"inApp":true,"push":false,"email":true},"timing":{"immediate":true,"daily":true,"overdue":true},"quiet_hours":{"enabled":false,"start":"22:00","end":"08:00","timezone":"UTC"}},"message":"expect(received).toEqual(expected) // deep equality\n\nExpected: {\"channels\": {\"browser\": true, \"email\": true, \"inApp\": true, \"push\": false}, \"quiet_hours\": {\"enabled\": false, \"end\": \"08:00\", \"start\": \"22:00\", \"timezone\": \"UTC\"}, \"timing\": {\"daily\": true, \"immediate\": true, \"overdue\": true}}\nReceived: null","name":"toEqual","pass":false}}],"failureMessages":["Error: expect(received).toEqual(expected) // deep equality\n\nExpected: {\"channels\": {\"browser\": true, \"email\": true, \"inApp\": true, \"push\": false}, \"quiet_hours\": {\"enabled\": false, \"end\": \"08:00\", \"start\": \"22:00\", \"timezone\": \"UTC\"}, \"timing\": {\"daily\": true, \"immediate\": true, \"overdue\": true}}\nReceived: null\n    at Object.<anonymous> (/home/beano/Dev/nextjs/moshimoshi/src/hooks/__tests__/useNotificationIntegration.test.ts:118:42)"],"fullName":"useNotificationIntegration Initialization should load user preferences on mount","invocations":1,"location":null,"numPassingAsserts":1,"retryReasons":[],"startAt":1770806030344,"status":"failed","title":"should load user preferences on mount"},{"ancestorTitles":["useNotificationIntegration","Initialization"],"duration":1005,"failing":false,"failureDetails":[{"matcherResult":{"message":"expect(jest.fn()).toHaveBeenCalledWith(...expected)\n\nExpected: Anything, ObjectContaining {\"channels\": {\"browser\": false, \"email\": true, \"inApp\": true, \"push\": false}}\nReceived: undefined, {\"channels\": {\"browser\": false, \"email\": true, \"inApp\": true, \"push\": false}, \"created_at\": 2026-02-11T10:33:50.376Z, \"quiet_hours\": {\"enabled\": false, \"end\": \"08:00\", \"start\": \"22:00\", \"timezone\": \"Europe/Rome\"}, \"timing\": {\"daily\": true, \"immediate\": true, \"overdue\": true}, \"updated_at\": 2026-02-11T10:33:50.376Z, \"userId\": \"test-user-123\"}\n\nNumber of calls: 1","pass":false}}],"failureMessages":["Error: expect(jest.fn()).toHaveBeenCalledWith(...expected)\n\nExpected: Anything, ObjectContaining {\"channels\": {\"browser\": false, \"email\": true, \"inApp\": true, \"push\": false}}\nReceived: undefined, {\"channels\": {\"browser\": false, \"email\": true, \"inApp\": true, \"push\": false}, \"created_at\": 2026-02-11T10:33:50.376Z, \"quiet_hours\": {\"enabled\": false, \"end\": \"08:00\", \"start\": \"22:00\", \"timezone\": \"Europe/Rome\"}, \"timing\": {\"daily\": true, \"immediate\": true, \"overdue\": true}, \"updated_at\": 2026-02-11T10:33:50.376Z, \"userId\": \"test-user-123\"}\n\nNumber of calls: 1\n\nIgnored nodes: comments, script, style\n\u001b[36m<html>\u001b[39m\n  \u001b[36m<head />\u001b[39m\n  \u001b[36m<body>\u001b[39m\n    \u001b[36m<div />\u001b[39m\n  \u001b[36m</body>\u001b[39m\n\u001b[36m</html>\u001b[39m\n    at /home/beano/Dev/nextjs/moshimoshi/src/hooks/__tests__/useNotificationIntegration.test.ts:129:24\n    at runWithExpensiveErrorDiagnosticsDisabled (/home/beano/Dev/nextjs/moshimoshi/node_modules/@testing-library/dom/dist/config.js:47:12)\n    at checkCallback (/home/beano/Dev/nextjs/moshimoshi/node_modules/@testing-library/dom/dist/wait-for.js:124:77)\n    at checkRealTimersCallback (/home/beano/Dev/nextjs/moshimoshi/node_modules/@testing-library/dom/dist/wait-for.js:118:16)\n    at Timeout.task [as _onTimeout] (/home/beano/Dev/nextjs/moshimoshi/node_modules/jest-environment-jsdom/node_modules/jsdom/lib/jsdom/browser/Window.js:579:19)\n    at listOnTimeout (node:internal/timers:605:17)\n    at processTimers (node:internal/timers:541:7)"],"fullName":"useNotificationIntegration Initialization should create default preferences if none exist","invocations":1,"location":null,"numPassingAsserts":0,"retryReasons":[],"startAt":1770806030367,"status":"failed","title":"should create default preferences if none exist"},{"ancestorTitles":["useNotificationIntegration","Initialization"],"duration":52,"failing":false,"failureDetails":[],"failureMessages":[],"fullName":"useNotificationIntegration Initialization should set up Review Engine event listeners","invocations":1,"location":null,"numPassingAsserts":3,"retryReasons":[],"startAt":1770806031373,"status":"passed","title":"should set up Review Engine event listeners"},{"ancestorTitles":["useNotificationIntegration","Notification Scheduling"],"duration":1002,"failing":false,"failureDetails":[{"matcherResult":{"message":"expect(received).toBeTruthy()\n\nReceived: null","pass":false}}],"failureMessages":["Error: expect(received).toBeTruthy()\n\nReceived: null\n\nIgnored nodes: comments, script, style\n\u001b[36m<html>\u001b[39m\n  \u001b[36m<head />\u001b[39m\n  \u001b[36m<body>\u001b[39m\n    \u001b[36m<div />\u001b[39m\n  \u001b[36m</body>\u001b[39m\n\u001b[36m</html>\u001b[39m\n    at /home/beano/Dev/nextjs/moshimoshi/src/hooks/__tests__/useNotificationIntegration.test.ts:171:44\n    at runWithExpensiveErrorDiagnosticsDisabled (/home/beano/Dev/nextjs/moshimoshi/node_modules/@testing-library/dom/dist/config.js:47:12)\n    at checkCallback (/home/beano/Dev/nextjs/moshimoshi/node_modules/@testing-library/dom/dist/wait-for.js:124:77)\n    at checkRealTimersCallback (/home/beano/Dev/nextjs/moshimoshi/node_modules/@testing-library/dom/dist/wait-for.js:118:16)\n    at Timeout.task [as _onTimeout] (/home/beano/Dev/nextjs/moshimoshi/node_modules/jest-environment-jsdom/node_modules/jsdom/lib/jsdom/browser/Window.js:579:19)\n    at listOnTimeout (node:internal/timers:605:17)\n    at processTimers (node:internal/timers:541:7)"],"fullName":"useNotificationIntegration Notification Scheduling should schedule notification after correct answer","invocations":1,"location":null,"numPassingAsserts":0,"retryReasons":[],"startAt":1770806031425,"status":"failed","title":"should schedule notification after correct answer"},{"ancestorTitles":["useNotificationIntegration","Notification Scheduling"],"duration":1002,"failing":false,"failureDetails":[{"matcherResult":{"message":"expect(received).toBeTruthy()\n\nReceived: null","pass":false}}],"failureMessages":["Error: expect(received).toBeTruthy()\n\nReceived: null\n\nIgnored nodes: comments, script, style\n\u001b[36m<html>\u001b[39m\n  \u001b[36m<head />\u001b[39m\n  \u001b[36m<body>\u001b[39m\n    \u001b[36m<div />\u001b[39m\n  \u001b[36m</body>\u001b[39m\n\u001b[36m</html>\u001b[39m\n    at /home/beano/Dev/nextjs/moshimoshi/src/hooks/__tests__/useNotificationIntegration.test.ts:207:44\n    at runWithExpensiveErrorDiagnosticsDisabled (/home/beano/Dev/nextjs/moshimoshi/node_modules/@testing-library/dom/dist/config.js:47:12)\n    at checkCallback (/home/beano/Dev/nextjs/moshimoshi/node_modules/@testing-library/dom/dist/wait-for.js:124:77)\n    at checkRealTimersCallback (/home/beano/Dev/nextjs/moshimoshi/node_modules/@testing-library/dom/dist/wait-for.js:118:16)\n    at Timeout.task [as _onTimeout] (/home/beano/Dev/nextjs/moshimoshi/node_modules/jest-environment-jsdom/node_modules/jsdom/lib/jsdom/browser/Window.js:579:19)\n    at listOnTimeout (node:internal/timers:605:17)\n    at processTimers (node:internal/timers:541:7)"],"fullName":"useNotificationIntegration Notification Scheduling should not schedule notification after incorrect answer","invocations":1,"location":null,"numPassingAsserts":0,"retryReasons":[],"startAt":1770806032427,"status":"failed","title":"should not schedule notification after incorrect answer"},{"ancestorTitles":["useNotificationIntegration","Notification Scheduling"],"duration":1001,"failing":false,"failureDetails":[{"matcherResult":{"actual":null,"expected":{"channels":{"browser":true,"inApp":true,"push":false,"email":true},"timing":{"immediate":true,"daily":true,"overdue":true},"quiet_hours":{"enabled":true,"start":"22:00","end":"08:00","timezone":"UTC"}},"message":"expect(received).toEqual(expected) // deep equality\n\nExpected: {\"channels\": {\"browser\": true, \"email\": true, \"inApp\": true, \"push\": false}, \"quiet_hours\": {\"enabled\": true, \"end\": \"08:00\", \"start\": \"22:00\", \"timezone\": \"UTC\"}, \"timing\": {\"daily\": true, \"immediate\": true, \"overdue\": true}}\nReceived: null","name":"toEqual","pass":false}}],"failureMessages":["Error: expect(received).toEqual(expected) // deep equality\n\nExpected: {\"channels\": {\"browser\": true, \"email\": true, \"inApp\": true, \"push\": false}, \"quiet_hours\": {\"enabled\": true, \"end\": \"08:00\", \"start\": \"22:00\", \"timezone\": \"UTC\"}, \"timing\": {\"daily\": true, \"immediate\": true, \"overdue\": true}}\nReceived: null\n\nIgnored nodes: comments, script, style\n\u001b[36m<html>\u001b[39m\n  \u001b[36m<head />\u001b[39m\n  \u001b[36m<body>\u001b[39m\n    \u001b[36m<div />\u001b[39m\n  \u001b[36m</body>\u001b[39m\n\u001b[36m</html>\u001b[39m\n    at /home/beano/Dev/nextjs/moshimoshi/src/hooks/__tests__/useNotificationIntegration.test.ts:266:44\n    at runWithExpensiveErrorDiagnosticsDisabled (/home/beano/Dev/nextjs/moshimoshi/node_modules/@testing-library/dom/dist/config.js:47:12)\n    at checkCallback (/home/beano/Dev/nextjs/moshimoshi/node_modules/@testing-library/dom/dist/wait-for.js:124:77)\n    at checkRealTimersCallback (/home/beano/Dev/nextjs/moshimoshi/node_modules/@testing-library/dom/dist/wait-for.js:118:16)\n    at Timeout.task [as _onTimeout] (/home/beano/Dev/nextjs/moshimoshi/node_modules/jest-environment-jsdom/node_modules/jsdom/lib/jsdom/browser/Window.js:579:19)\n    at listOnTimeout (node:internal/timers:605:17)\n    at processTimers (node:internal/timers:541:7)"],"fullName":"useNotificationIntegration Notification Scheduling should respect quiet hours when scheduling","invocations":1,"location":null,"numPassingAsserts":0,"retryReasons":[],"startAt":1770806033430,"status":"failed","title":"should respect quiet hours when scheduling"},{"ancestorTitles":["useNotificationIntegration","Notification Permissions"],"duration":1,"failing":false,"failureDetails":[{"matcherResult":{"message":"expect(jest.fn()).toHaveBeenCalledWith(...expected)\n\n- Expected\n+ Received\n\n- Anything,\n+ undefined,\n  {\"browser_permission\": \"granted\", \"browser_permission_updated\": 2024-01-01T22:00:00.000Z, \"device_info\": {\"platform\": \"\", \"userAgent\": \"Mozilla/5.0 (linux) AppleWebKit/537.36 (KHTML, like Gecko) jsdom/26.1.0\"}},\n  {\"merge\": true},\n\nNumber of calls: 1","pass":false}}],"failureMessages":["Error: expect(jest.fn()).toHaveBeenCalledWith(...expected)\n\n- Expected\n+ Received\n\n- Anything,\n+ undefined,\n  {\"browser_permission\": \"granted\", \"browser_permission_updated\": 2024-01-01T22:00:00.000Z, \"device_info\": {\"platform\": \"\", \"userAgent\": \"Mozilla/5.0 (linux) AppleWebKit/537.36 (KHTML, like Gecko) jsdom/26.1.0\"}},\n  {\"merge\": true},\n\nNumber of calls: 1\n    at Object.<anonymous> (/home/beano/Dev/nextjs/moshimoshi/src/hooks/__tests__/useNotificationIntegration.test.ts:301:22)"],"fullName":"useNotificationIntegration Notification Permissions should request browser notification permission","invocations":1,"location":null,"numPassingAsserts":2,"retryReasons":[],"startAt":1770806034432,"status":"failed","title":"should request browser notification permission"},{"ancestorTitles":["useNotificationIntegration","Notification Permissions"],"duration":1,"failing":false,"failureDetails":[],"failureMessages":[],"fullName":"useNotificationIntegration Notification Permissions should handle permission denial","invocations":1,"location":null,"numPassingAsserts":2,"retryReasons":[],"startAt":1770806034433,"status":"passed","title":"should handle permission denial"},{"ancestorTitles":["useNotificationIntegration","Test Notifications"],"duration":1001,"failing":false,"failureDetails":[{"matcherResult":{"message":"expect(received).toBeTruthy()\n\nReceived: null","pass":false}}],"failureMessages":["Error: expect(received).toBeTruthy()\n\nReceived: null\n\nIgnored nodes: comments, script, style\n\u001b[36m<html>\u001b[39m\n  \u001b[36m<head />\u001b[39m\n  \u001b[36m<body>\u001b[39m\n    \u001b[36m<div />\u001b[39m\n  \u001b[36m</body>\u001b[39m\n\u001b[36m</html>\u001b[39m\n    at /home/beano/Dev/nextjs/moshimoshi/src/hooks/__tests__/useNotificationIntegration.test.ts:337:44\n    at runWithExpensiveErrorDiagnosticsDisabled (/home/beano/Dev/nextjs/moshimoshi/node_modules/@testing-library/dom/dist/config.js:47:12)\n    at checkCallback (/home/beano/Dev/nextjs/moshimoshi/node_modules/@testing-library/dom/dist/wait-for.js:124:77)\n    at checkRealTimersCallback (/home/beano/Dev/nextjs/moshimoshi/node_modules/@testing-library/dom/dist/wait-for.js:118:16)\n    at Timeout.task [as _onTimeout] (/home/beano/Dev/nextjs/moshimoshi/node_modules/jest-environment-jsdom/node_modules/jsdom/lib/jsdom/browser/Window.js:579:19)\n    at listOnTimeout (node:internal/timers:605:17)\n    at processTimers (node:internal/timers:541:7)"],"fullName":"useNotificationIntegration Test Notifications should send test notification","invocations":1,"location":null,"numPassingAsserts":0,"retryReasons":[],"startAt":1770806034434,"status":"failed","title":"should send test notification"},{"ancestorTitles":["useNotificationIntegration","Preference Updates"],"duration":2,"failing":false,"failureDetails":[{"matcherResult":{"message":"expect(jest.fn()).toHaveBeenCalledWith(...expected)\n\n- Expected\n+ Received\n\n- Anything,\n+ undefined,\n- ObjectContaining {\"channels\": {\"browser\": false, \"email\": false, \"inApp\": false, \"push\": true}, \"updated_at\": Any<mockConstructor>},\n+ {\"channels\": {\"browser\": false, \"email\": false, \"inApp\": false, \"push\": true}, \"updated_at\": 2024-01-01T22:00:00.000Z},\n  {\"merge\": true},\n\nNumber of calls: 1","pass":false}}],"failureMessages":["Error: expect(jest.fn()).toHaveBeenCalledWith(...expected)\n\n- Expected\n+ Received\n\n- Anything,\n+ undefined,\n- ObjectContaining {\"channels\": {\"browser\": false, \"email\": false, \"inApp\": false, \"push\": true}, \"updated_at\": Any<mockConstructor>},\n+ {\"channels\": {\"browser\": false, \"email\": false, \"inApp\": false, \"push\": true}, \"updated_at\": 2024-01-01T22:00:00.000Z},\n  {\"merge\": true},\n\nNumber of calls: 1\n    at Object.<anonymous> (/home/beano/Dev/nextjs/moshimoshi/src/hooks/__tests__/useNotificationIntegration.test.ts:373:22)"],"fullName":"useNotificationIntegration Preference Updates should update notification preferences","invocations":1,"location":null,"numPassingAsserts":0,"retryReasons":[],"startAt":1770806035435,"status":"failed","title":"should update notification preferences"},{"ancestorTitles":["useNotificationIntegration","Preference Updates"],"duration":1001,"failing":false,"failureDetails":[{"matcherResult":{"expected":{"browser":true,"inApp":true,"push":false,"email":true},"message":"expect(received).toEqual(expected) // deep equality\n\nExpected: {\"browser\": true, \"email\": true, \"inApp\": true, \"push\": false}\nReceived: undefined","name":"toEqual","pass":false}}],"failureMessages":["Error: expect(received).toEqual(expected) // deep equality\n\nExpected: {\"browser\": true, \"email\": true, \"inApp\": true, \"push\": false}\nReceived: undefined\n\nIgnored nodes: comments, script, style\n\u001b[36m<html>\u001b[39m\n  \u001b[36m<head />\u001b[39m\n  \u001b[36m<body>\u001b[39m\n    \u001b[36m<div />\u001b[39m\n  \u001b[36m</body>\u001b[39m\n\u001b[36m</html>\u001b[39m\n    at /home/beano/Dev/nextjs/moshimoshi/src/hooks/__tests__/useNotificationIntegration.test.ts:405:54\n    at runWithExpensiveErrorDiagnosticsDisabled (/home/beano/Dev/nextjs/moshimoshi/node_modules/@testing-library/dom/dist/config.js:47:12)\n    at checkCallback (/home/beano/Dev/nextjs/moshimoshi/node_modules/@testing-library/dom/dist/wait-for.js:124:77)\n    at checkRealTimersCallback (/home/beano/Dev/nextjs/moshimoshi/node_modules/@testing-library/dom/dist/wait-for.js:118:16)\n    at Timeout.task [as _onTimeout] (/home/beano/Dev/nextjs/moshimoshi/node_modules/jest-environment-jsdom/node_modules/jsdom/lib/jsdom/browser/Window.js:579:19)\n    at listOnTimeout (node:internal/timers:605:17)\n    at processTimers (node:internal/timers:541:7)"],"fullName":"useNotificationIntegration Preference Updates should reload preferences after update","invocations":1,"location":null,"numPassingAsserts":0,"retryReasons":[],"startAt":1770806035437,"status":"failed","title":"should reload preferences after update"},{"ancestorTitles":["useNotificationIntegration","SRS Interval Calculation"],"duration":1002,"failing":false,"failureDetails":[{"matcherResult":{"message":"expect(received).toBeTruthy()\n\nReceived: null","pass":false}}],"failureMessages":["Error: expect(received).toBeTruthy()\n\nReceived: null\n\nIgnored nodes: comments, script, style\n\u001b[36m<html>\u001b[39m\n  \u001b[36m<head />\u001b[39m\n  \u001b[36m<body>\u001b[39m\n    \u001b[36m<div />\u001b[39m\n  \u001b[36m</body>\u001b[39m\n\u001b[36m</html>\u001b[39m\n    at /home/beano/Dev/nextjs/moshimoshi/src/hooks/__tests__/useNotificationIntegration.test.ts:423:44\n    at runWithExpensiveErrorDiagnosticsDisabled (/home/beano/Dev/nextjs/moshimoshi/node_modules/@testing-library/dom/dist/config.js:47:12)\n    at checkCallback (/home/beano/Dev/nextjs/moshimoshi/node_modules/@testing-library/dom/dist/wait-for.js:124:77)\n    at checkRealTimersCallback (/home/beano/Dev/nextjs/moshimoshi/node_modules/@testing-library/dom/dist/wait-for.js:118:16)\n    at Timeout.task [as _onTimeout] (/home/beano/Dev/nextjs/moshimoshi/node_modules/jest-environment-jsdom/node_modules/jsdom/lib/jsdom/browser/Window.js:579:19)\n    at listOnTimeout (node:internal/timers:605:17)\n    at processTimers (node:internal/timers:541:7)"],"fullName":"useNotificationIntegration SRS Interval Calculation should calculate correct intervals for consecutive correct answers","invocations":1,"location":null,"numPassingAsserts":0,"retryReasons":[],"startAt":1770806036438,"status":"failed","title":"should calculate correct intervals for consecutive correct answers"},{"ancestorTitles":["useNotificationIntegration","Progress Events"],"duration":1001,"failing":false,"failureDetails":[{"matcherResult":{"message":"expect(received).toBeTruthy()\n\nReceived: null","pass":false}}],"failureMessages":["Error: expect(received).toBeTruthy()\n\nReceived: null\n\nIgnored nodes: comments, script, style\n\u001b[36m<html>\u001b[39m\n  \u001b[36m<head />\u001b[39m\n  \u001b[36m<body>\u001b[39m\n    \u001b[36m<div />\u001b[39m\n  \u001b[36m</body>\u001b[39m\n\u001b[36m</html>\u001b[39m\n    at /home/beano/Dev/nextjs/moshimoshi/src/hooks/__tests__/useNotificationIntegration.test.ts:472:44\n    at runWithExpensiveErrorDiagnosticsDisabled (/home/beano/Dev/nextjs/moshimoshi/node_modules/@testing-library/dom/dist/config.js:47:12)\n    at checkCallback (/home/beano/Dev/nextjs/moshimoshi/node_modules/@testing-library/dom/dist/wait-for.js:124:77)\n    at checkRealTimersCallback (/home/beano/Dev/nextjs/moshimoshi/node_modules/@testing-library/dom/dist/wait-for.js:118:16)\n    at Timeout.task [as _onTimeout] (/home/beano/Dev/nextjs/moshimoshi/node_modules/jest-environment-jsdom/node_modules/jsdom/lib/jsdom/browser/Window.js:579:19)\n    at listOnTimeout (node:internal/timers:605:17)\n    at processTimers (node:internal/timers:541:7)"],"fullName":"useNotificationIntegration Progress Events should show milestone notification for streak","invocations":1,"location":null,"numPassingAsserts":0,"retryReasons":[],"startAt":1770806037440,"status":"failed","title":"should show milestone notification for streak"},{"ancestorTitles":["useNotificationIntegration","Progress Events"],"duration":1001,"failing":false,"failureDetails":[{"matcherResult":{"message":"expect(received).toBeTruthy()\n\nReceived: null","pass":false}}],"failureMessages":["Error: expect(received).toBeTruthy()\n\nReceived: null\n\nIgnored nodes: comments, script, style\n\u001b[36m<html>\u001b[39m\n  \u001b[36m<head />\u001b[39m\n  \u001b[36m<body>\u001b[39m\n    \u001b[36m<div />\u001b[39m\n  \u001b[36m</body>\u001b[39m\n\u001b[36m</html>\u001b[39m\n    at /home/beano/Dev/nextjs/moshimoshi/src/hooks/__tests__/useNotificationIntegration.test.ts:508:44\n    at runWithExpensiveErrorDiagnosticsDisabled (/home/beano/Dev/nextjs/moshimoshi/node_modules/@testing-library/dom/dist/config.js:47:12)\n    at checkCallback (/home/beano/Dev/nextjs/moshimoshi/node_modules/@testing-library/dom/dist/wait-for.js:124:77)\n    at checkRealTimersCallback (/home/beano/Dev/nextjs/moshimoshi/node_modules/@testing-library/dom/dist/wait-for.js:118:16)\n    at Timeout.task [as _onTimeout] (/home/beano/Dev/nextjs/moshimoshi/node_modules/jest-environment-jsdom/node_modules/jsdom/lib/jsdom/browser/Window.js:579:19)\n    at listOnTimeout (node:internal/timers:605:17)\n    at processTimers (node:internal/timers:541:7)"],"fullName":"useNotificationIntegration Progress Events should show high accuracy notification","invocations":1,"location":null,"numPassingAsserts":0,"retryReasons":[],"startAt":1770806038442,"status":"failed","title":"should show high accuracy notification"},{"ancestorTitles":["useNotificationIntegration","Cleanup"],"duration":54,"failing":false,"failureDetails":[],"failureMessages":[],"fullName":"useNotificationIntegration Cleanup should clean up event listeners on unmount","invocations":1,"location":null,"numPassingAsserts":4,"retryReasons":[],"startAt":1770806039443,"status":"passed","title":"should clean up event listeners on unmount"},{"ancestorTitles":["useNotificationIntegration","Cleanup"],"duration":4,"failing":false,"failureDetails":[{"matcherResult":{"message":"expect(received).toBeTruthy()\n\nReceived: null","pass":false}}],"failureMessages":["Error: expect(received).toBeTruthy()\n\nReceived: null\n\nIgnored nodes: comments, script, style\n\u001b[36m<html>\u001b[39m\n  \u001b[36m<head />\u001b[39m\n  \u001b[36m<body>\u001b[39m\n    \u001b[36m<div />\u001b[39m\n  \u001b[36m</body>\u001b[39m\n\u001b[36m</html>\u001b[39m\n    at /home/beano/Dev/nextjs/moshimoshi/src/hooks/__tests__/useNotificationIntegration.test.ts:572:44\n    at runWithExpensiveErrorDiagnosticsDisabled (/home/beano/Dev/nextjs/moshimoshi/node_modules/@testing-library/dom/dist/config.js:47:12)\n    at checkCallback (/home/beano/Dev/nextjs/moshimoshi/node_modules/@testing-library/dom/dist/wait-for.js:124:77)\n    at /home/beano/Dev/nextjs/moshimoshi/node_modules/@testing-library/dom/dist/wait-for.js:82:9"],"fullName":"useNotificationIntegration Cleanup should clear scheduled notifications on unmount","invocations":1,"location":null,"numPassingAsserts":0,"retryReasons":[],"startAt":1770806039497,"status":"failed","title":"should clear scheduled notifications on unmount"},{"ancestorTitles":["Integration with Email Notifications"],"duration":3,"failing":false,"failureDetails":[{"matcherResult":{"actual":null,"expected":{"channels":{"browser":false,"inApp":false,"push":false,"email":true},"timing":{"immediate":false,"daily":true,"overdue":false},"quiet_hours":{"enabled":false,"start":"22:00","end":"08:00","timezone":"UTC"}},"message":"expect(received).toEqual(expected) // deep equality\n\nExpected: {\"channels\": {\"browser\": false, \"email\": true, \"inApp\": false, \"push\": false}, \"quiet_hours\": {\"enabled\": false, \"end\": \"08:00\", \"start\": \"22:00\", \"timezone\": \"UTC\"}, \"timing\": {\"daily\": true, \"immediate\": false, \"overdue\": false}}\nReceived: null","name":"toEqual","pass":false}}],"failureMessages":["Error: expect(received).toEqual(expected) // deep equality\n\nExpected: {\"channels\": {\"browser\": false, \"email\": true, \"inApp\": false, \"push\": false}, \"quiet_hours\": {\"enabled\": false, \"end\": \"08:00\", \"start\": \"22:00\", \"timezone\": \"UTC\"}, \"timing\": {\"daily\": true, \"immediate\": false, \"overdue\": false}}\nReceived: null\n\nIgnored nodes: comments, script, style\n\u001b[36m<html>\u001b[39m\n  \u001b[36m<head />\u001b[39m\n  \u001b[36m<body>\u001b[39m\n    \u001b[36m<div />\u001b[39m\n  \u001b[36m</body>\u001b[39m\n\u001b[36m</html>\u001b[39m\n    at /home/beano/Dev/nextjs/moshimoshi/src/hooks/__tests__/useNotificationIntegration.test.ts:620:42\n    at runWithExpensiveErrorDiagnosticsDisabled (/home/beano/Dev/nextjs/moshimoshi/node_modules/@testing-library/dom/dist/config.js:47:12)\n    at checkCallback (/home/beano/Dev/nextjs/moshimoshi/node_modules/@testing-library/dom/dist/wait-for.js:124:77)\n    at /home/beano/Dev/nextjs/moshimoshi/node_modules/@testing-library/dom/dist/wait-for.js:82:9"],"fullName":"Integration with Email Notifications should trigger email for daily summary","invocations":1,"location":null,"numPassingAsserts":0,"retryReasons":[],"startAt":1770806039501,"status":"failed","title":"should trigger email for daily summary"}],"endTime":1770806039521,"message":"  ● useNotificationIntegration › Initialization › should load user preferences on mount\n\n    expect(received).toEqual(expected) // deep equality\n\n    Expected: {\"channels\": {\"browser\": true, \"email\": true, \"inApp\": true, \"push\": false}, \"quiet_hours\": {\"enabled\": false, \"end\": \"08:00\", \"start\": \"22:00\", \"timezone\": \"UTC\"}, \"timing\": {\"daily\": true, \"immediate\": true, \"overdue\": true}}\n    Received: null\n\n      116 |       })\n      117 |\n    > 118 |       expect(result.current.preferences).toEqual(mockPreferences)\n          |                                          ^\n      119 |     })\n      120 |\n      121 |     it('should create default preferences if none exist', async () => {\n\n      at Object.<anonymous> (src/hooks/__tests__/useNotificationIntegration.test.ts:118:42)\n\n  ● useNotificationIntegration › Initialization › should create default preferences if none exist\n\n    expect(jest.fn()).toHaveBeenCalledWith(...expected)\n\n    Expected: Anything, ObjectContaining {\"channels\": {\"browser\": false, \"email\": true, \"inApp\": true, \"push\": false}}\n    Received: undefined, {\"channels\": {\"browser\": false, \"email\": true, \"inApp\": true, \"push\": false}, \"created_at\": 2026-02-11T10:33:50.376Z, \"quiet_hours\": {\"enabled\": false, \"end\": \"08:00\", \"start\": \"22:00\", \"timezone\": \"Europe/Rome\"}, \"timing\": {\"daily\": true, \"immediate\": true, \"overdue\": true}, \"updated_at\": 2026-02-11T10:33:50.376Z, \"userId\": \"test-user-123\"}\n\n    Number of calls: 1\n\n    Ignored nodes: comments, script, style\n    \u001b[36m<html>\u001b[39m\n      \u001b[36m<head />\u001b[39m\n      \u001b[36m<body>\u001b[39m\n        \u001b[36m<div />\u001b[39m\n      \u001b[36m</body>\u001b[39m\n    \u001b[36m</html>\u001b[39m\n\n      127 |\n      128 |       await waitFor(() => {\n    > 129 |         expect(setDoc).toHaveBeenCalledWith(\n          |                        ^\n      130 |           expect.anything(),\n      131 |           expect.objectContaining({\n      132 |             channels: {\n\n      at src/hooks/__tests__/useNotificationIntegration.test.ts:129:24\n      at runWithExpensiveErrorDiagnosticsDisabled (node_modules/@testing-library/dom/dist/config.js:47:12)\n      at checkCallback (node_modules/@testing-library/dom/dist/wait-for.js:124:77)\n      at checkRealTimersCallback (node_modules/@testing-library/dom/dist/wait-for.js:118:16)\n\n  ● useNotificationIntegration › Notification Scheduling › should schedule notification after correct answer\n\n    expect(received).toBeTruthy()\n\n    Received: null\n\n    Ignored nodes: comments, script, style\n    \u001b[36m<html>\u001b[39m\n      \u001b[36m<head />\u001b[39m\n      \u001b[36m<body>\u001b[39m\n        \u001b[36m<div />\u001b[39m\n      \u001b[36m</body>\u001b[39m\n    \u001b[36m</html>\u001b[39m\n\n      169 |       // Mock preferences loaded\n      170 |       await waitFor(() => {\n    > 171 |         expect(result.current.preferences).toBeTruthy()\n          |                                            ^\n      172 |       })\n      173 |\n      174 |       // Simulate item answered event\n\n      at src/hooks/__tests__/useNotificationIntegration.test.ts:171:44\n      at runWithExpensiveErrorDiagnosticsDisabled (node_modules/@testing-library/dom/dist/config.js:47:12)\n      at checkCallback (node_modules/@testing-library/dom/dist/wait-for.js:124:77)\n      at checkRealTimersCallback (node_modules/@testing-library/dom/dist/wait-for.js:118:16)\n\n  ● useNotificationIntegration › Notification Scheduling › should not schedule notification after incorrect answer\n\n    expect(received).toBeTruthy()\n\n    Received: null\n\n    Ignored nodes: comments, script, style\n    \u001b[36m<html>\u001b[39m\n      \u001b[36m<head />\u001b[39m\n      \u001b[36m<body>\u001b[39m\n        \u001b[36m<div />\u001b[39m\n      \u001b[36m</body>\u001b[39m\n    \u001b[36m</html>\u001b[39m\n\n      205 |\n      206 |       await waitFor(() => {\n    > 207 |         expect(result.current.preferences).toBeTruthy()\n          |                                            ^\n      208 |       })\n      209 |\n      210 |       const event = new CustomEvent(`review:${ReviewEventType.ITEM_ANSWERED}`, {\n\n      at src/hooks/__tests__/useNotificationIntegration.test.ts:207:44\n      at runWithExpensiveErrorDiagnosticsDisabled (node_modules/@testing-library/dom/dist/config.js:47:12)\n      at checkCallback (node_modules/@testing-library/dom/dist/wait-for.js:124:77)\n      at checkRealTimersCallback (node_modules/@testing-library/dom/dist/wait-for.js:118:16)\n\n  ● useNotificationIntegration › Notification Scheduling › should respect quiet hours when scheduling\n\n    expect(received).toEqual(expected) // deep equality\n\n    Expected: {\"channels\": {\"browser\": true, \"email\": true, \"inApp\": true, \"push\": false}, \"quiet_hours\": {\"enabled\": true, \"end\": \"08:00\", \"start\": \"22:00\", \"timezone\": \"UTC\"}, \"timing\": {\"daily\": true, \"immediate\": true, \"overdue\": true}}\n    Received: null\n\n    Ignored nodes: comments, script, style\n    \u001b[36m<html>\u001b[39m\n      \u001b[36m<head />\u001b[39m\n      \u001b[36m<body>\u001b[39m\n        \u001b[36m<div />\u001b[39m\n      \u001b[36m</body>\u001b[39m\n    \u001b[36m</html>\u001b[39m\n\n      264 |\n      265 |       await waitFor(() => {\n    > 266 |         expect(result.current.preferences).toEqual(mockPreferences)\n          |                                            ^\n      267 |       })\n      268 |\n      269 |       // Try to send immediate notification\n\n      at src/hooks/__tests__/useNotificationIntegration.test.ts:266:44\n      at runWithExpensiveErrorDiagnosticsDisabled (node_modules/@testing-library/dom/dist/config.js:47:12)\n      at checkCallback (node_modules/@testing-library/dom/dist/wait-for.js:124:77)\n      at checkRealTimersCallback (node_modules/@testing-library/dom/dist/wait-for.js:118:16)\n\n  ● useNotificationIntegration › Notification Permissions › should request browser notification permission\n\n    expect(jest.fn()).toHaveBeenCalledWith(...expected)\n\n    - Expected\n    + Received\n\n    - Anything,\n    + undefined,\n      {\"browser_permission\": \"granted\", \"browser_permission_updated\": 2024-01-01T22:00:00.000Z, \"device_info\": {\"platform\": \"\", \"userAgent\": \"Mozilla/5.0 (linux) AppleWebKit/537.36 (KHTML, like Gecko) jsdom/26.1.0\"}},\n      {\"merge\": true},\n\n    Number of calls: 1\n\n      299 |\n      300 |       expect(mockNotification.requestPermission).toHaveBeenCalled()\n    > 301 |       expect(setDoc).toHaveBeenCalledWith(\n          |                      ^\n      302 |         expect.anything(),\n      303 |         expect.objectContaining({\n      304 |           browser_permission: 'granted'\n\n      at Object.<anonymous> (src/hooks/__tests__/useNotificationIntegration.test.ts:301:22)\n\n  ● useNotificationIntegration › Test Notifications › should send test notification\n\n    expect(received).toBeTruthy()\n\n    Received: null\n\n    Ignored nodes: comments, script, style\n    \u001b[36m<html>\u001b[39m\n      \u001b[36m<head />\u001b[39m\n      \u001b[36m<body>\u001b[39m\n        \u001b[36m<div />\u001b[39m\n      \u001b[36m</body>\u001b[39m\n    \u001b[36m</html>\u001b[39m\n\n      335 |\n      336 |       await waitFor(() => {\n    > 337 |         expect(result.current.preferences).toBeTruthy()\n          |                                            ^\n      338 |       })\n      339 |\n      340 |       await act(async () => {\n\n      at src/hooks/__tests__/useNotificationIntegration.test.ts:337:44\n      at runWithExpensiveErrorDiagnosticsDisabled (node_modules/@testing-library/dom/dist/config.js:47:12)\n      at checkCallback (node_modules/@testing-library/dom/dist/wait-for.js:124:77)\n      at checkRealTimersCallback (node_modules/@testing-library/dom/dist/wait-for.js:118:16)\n\n  ● useNotificationIntegration › Preference Updates › should update notification preferences\n\n    expect(jest.fn()).toHaveBeenCalledWith(...expected)\n\n    - Expected\n    + Received\n\n    - Anything,\n    + undefined,\n    - ObjectContaining {\"channels\": {\"browser\": false, \"email\": false, \"inApp\": false, \"push\": true}, \"updated_at\": Any<mockConstructor>},\n    + {\"channels\": {\"browser\": false, \"email\": false, \"inApp\": false, \"push\": true}, \"updated_at\": 2024-01-01T22:00:00.000Z},\n      {\"merge\": true},\n\n    Number of calls: 1\n\n      371 |       })\n      372 |\n    > 373 |       expect(setDoc).toHaveBeenCalledWith(\n          |                      ^\n      374 |         expect.anything(),\n      375 |         expect.objectContaining({\n      376 |           ...newPreferences,\n\n      at Object.<anonymous> (src/hooks/__tests__/useNotificationIntegration.test.ts:373:22)\n\n  ● useNotificationIntegration › Preference Updates › should reload preferences after update\n\n    expect(received).toEqual(expected) // deep equality\n\n    Expected: {\"browser\": true, \"email\": true, \"inApp\": true, \"push\": false}\n    Received: undefined\n\n    Ignored nodes: comments, script, style\n    \u001b[36m<html>\u001b[39m\n      \u001b[36m<head />\u001b[39m\n      \u001b[36m<body>\u001b[39m\n        \u001b[36m<div />\u001b[39m\n      \u001b[36m</body>\u001b[39m\n    \u001b[36m</html>\u001b[39m\n\n      403 |\n      404 |       await waitFor(() => {\n    > 405 |         expect(result.current.preferences?.channels).toEqual(initialPrefs.channels)\n          |                                                      ^\n      406 |       })\n      407 |\n      408 |       await act(async () => {\n\n      at src/hooks/__tests__/useNotificationIntegration.test.ts:405:54\n      at runWithExpensiveErrorDiagnosticsDisabled (node_modules/@testing-library/dom/dist/config.js:47:12)\n      at checkCallback (node_modules/@testing-library/dom/dist/wait-for.js:124:77)\n      at checkRealTimersCallback (node_modules/@testing-library/dom/dist/wait-for.js:118:16)\n\n  ● useNotificationIntegration › SRS Interval Calculation › should calculate correct intervals for consecutive correct answers\n\n    expect(received).toBeTruthy()\n\n    Received: null\n\n    Ignored nodes: comments, script, style\n    \u001b[36m<html>\u001b[39m\n      \u001b[36m<head />\u001b[39m\n      \u001b[36m<body>\u001b[39m\n        \u001b[36m<div />\u001b[39m\n      \u001b[36m</body>\u001b[39m\n    \u001b[36m</html>\u001b[39m\n\n      421 |\n      422 |       await waitFor(() => {\n    > 423 |         expect(result.current.preferences).toBeTruthy()\n          |                                            ^\n      424 |       })\n      425 |\n      426 |       const testCases = [\n\n      at src/hooks/__tests__/useNotificationIntegration.test.ts:423:44\n      at runWithExpensiveErrorDiagnosticsDisabled (node_modules/@testing-library/dom/dist/config.js:47:12)\n      at checkCallback (node_modules/@testing-library/dom/dist/wait-for.js:124:77)\n      at checkRealTimersCallback (node_modules/@testing-library/dom/dist/wait-for.js:118:16)\n\n  ● useNotificationIntegration › Progress Events › should show milestone notification for streak\n\n    expect(received).toBeTruthy()\n\n    Received: null\n\n    Ignored nodes: comments, script, style\n    \u001b[36m<html>\u001b[39m\n      \u001b[36m<head />\u001b[39m\n      \u001b[36m<body>\u001b[39m\n        \u001b[36m<div />\u001b[39m\n      \u001b[36m</body>\u001b[39m\n    \u001b[36m</html>\u001b[39m\n\n      470 |\n      471 |       await waitFor(() => {\n    > 472 |         expect(result.current.preferences).toBeTruthy()\n          |                                            ^\n      473 |       })\n      474 |\n      475 |       const event = new CustomEvent(`review:${ReviewEventType.PROGRESS_UPDATED}`, {\n\n      at src/hooks/__tests__/useNotificationIntegration.test.ts:472:44\n      at runWithExpensiveErrorDiagnosticsDisabled (node_modules/@testing-library/dom/dist/config.js:47:12)\n      at checkCallback (node_modules/@testing-library/dom/dist/wait-for.js:124:77)\n      at checkRealTimersCallback (node_modules/@testing-library/dom/dist/wait-for.js:118:16)\n\n  ● useNotificationIntegration › Progress Events › should show high accuracy notification\n\n    expect(received).toBeTruthy()\n\n    Received: null\n\n    Ignored nodes: comments, script, style\n    \u001b[36m<html>\u001b[39m\n      \u001b[36m<head />\u001b[39m\n      \u001b[36m<body>\u001b[39m\n        \u001b[36m<div />\u001b[39m\n      \u001b[36m</body>\u001b[39m\n    \u001b[36m</html>\u001b[39m\n\n      506 |\n      507 |       await waitFor(() => {\n    > 508 |         expect(result.current.preferences).toBeTruthy()\n          |                                            ^\n      509 |       })\n      510 |\n      511 |       const event = new CustomEvent(`review:${ReviewEventType.PROGRESS_UPDATED}`, {\n\n      at src/hooks/__tests__/useNotificationIntegration.test.ts:508:44\n      at runWithExpensiveErrorDiagnosticsDisabled (node_modules/@testing-library/dom/dist/config.js:47:12)\n      at checkCallback (node_modules/@testing-library/dom/dist/wait-for.js:124:77)\n      at checkRealTimersCallback (node_modules/@testing-library/dom/dist/wait-for.js:118:16)\n\n  ● useNotificationIntegration › Cleanup › should clear scheduled notifications on unmount\n\n    expect(received).toBeTruthy()\n\n    Received: null\n\n    Ignored nodes: comments, script, style\n    \u001b[36m<html>\u001b[39m\n      \u001b[36m<head />\u001b[39m\n      \u001b[36m<body>\u001b[39m\n        \u001b[36m<div />\u001b[39m\n      \u001b[36m</body>\u001b[39m\n    \u001b[36m</html>\u001b[39m\n\n      570 |\n      571 |       await waitFor(() => {\n    > 572 |         expect(result.current.preferences).toBeTruthy()\n          |                                            ^\n      573 |       })\n      574 |\n      575 |       // Schedule a notification\n\n      at src/hooks/__tests__/useNotificationIntegration.test.ts:572:44\n      at runWithExpensiveErrorDiagnosticsDisabled (node_modules/@testing-library/dom/dist/config.js:47:12)\n      at checkCallback (node_modules/@testing-library/dom/dist/wait-for.js:124:77)\n      at node_modules/@testing-library/dom/dist/wait-for.js:82:9\n\n  ● Integration with Email Notifications › should trigger email for daily summary\n\n    expect(received).toEqual(expected) // deep equality\n\n    Expected: {\"channels\": {\"browser\": false, \"email\": true, \"inApp\": false, \"push\": false}, \"quiet_hours\": {\"enabled\": false, \"end\": \"08:00\", \"start\": \"22:00\", \"timezone\": \"UTC\"}, \"timing\": {\"daily\": true, \"immediate\": false, \"overdue\": false}}\n    Received: null\n\n    Ignored nodes: comments, script, style\n    \u001b[36m<html>\u001b[39m\n      \u001b[36m<head />\u001b[39m\n      \u001b[36m<body>\u001b[39m\n        \u001b[36m<div />\u001b[39m\n      \u001b[36m</body>\u001b[39m\n    \u001b[36m</html>\u001b[39m\n\n      618 |\n      619 |     await waitFor(() => {\n    > 620 |       expect(result.current.preferences).toEqual(mockPreferences)\n          |                                          ^\n      621 |     })\n      622 |\n      623 |     // Schedule a daily summary notification\n\n      at src/hooks/__tests__/useNotificationIntegration.test.ts:620:42\n      at runWithExpensiveErrorDiagnosticsDisabled (node_modules/@testing-library/dom/dist/config.js:47:12)\n      at checkCallback (node_modules/@testing-library/dom/dist/wait-for.js:124:77)\n      at node_modules/@testing-library/dom/dist/wait-for.js:82:9\n","name":"/home/beano/Dev/nextjs/moshimoshi/src/hooks/__tests__/useNotificationIntegration.test.ts","startTime":1770806029709,"status":"failed","summary":""}],"wasInterrupted":false}
